2025-04-13 16:41:15,566 - INFO - Logging configured. Output file: ..\logs\2025-04-07_optimizer.log
2025-04-13 16:41:15,569 - INFO - ============================== Starting Portfolio Optimization ==============================
2025-04-13 16:41:15,571 - INFO - Target number of tickers: 1169
2025-04-13 16:41:15,573 - INFO - Target number of clusters: 60
2025-04-13 16:41:15,575 - INFO - Detailed results will be written to: ..\picks\2025-04-07_portfolio.txt
2025-04-13 16:41:15,578 - INFO - Preparing data: Converting numeric columns.
2025-04-13 16:41:15,879 - INFO - Found valid numeric data for 'ATR/Price %'. Added to volatility metrics.
2025-04-13 16:41:15,888 - INFO - Final volatility metrics being used: ['Volatility W %', 'Volatility M %', 'ATR/Price %']
2025-04-13 16:41:15,890 - INFO - Defining scoring parameters and column groups.
2025-04-13 16:41:15,891 - INFO - Columns required for scoring: ['ATR/Price %', 'Omega 10d', 'Omega 15d', 'Omega 30d', 'Omega 3d', 'Omega 5d', 'Omega 60d', 'Perf 3D %', 'Perf Month %', 'Perf Quart %', 'Perf Week %', 'RSI', 'SMA20 %', 'SMA200 %', 'SMA50 %', 'Sharpe 10d', 'Sharpe 15d', 'Sharpe 30d', 'Sharpe 3d', 'Sharpe 5d', 'Sharpe 60d', 'Sortino 10d', 'Sortino 15d', 'Sortino 30d', 'Sortino 3d', 'Sortino 5d', 'Sortino 60d', 'Volatility M %', 'Volatility W %']
2025-04-13 16:41:15,894 - INFO - Volatility columns being used: ['Volatility W %', 'Volatility M %', 'ATR/Price %']
2025-04-13 16:41:15,916 - INFO - Data cleaning complete. Retained 1169 rows out of 1169 (removed 0 rows with NaNs in required columns: ['ATR/Price %', 'Omega 10d', 'Omega 15d', 'Omega 30d', 'Omega 3d', 'Omega 5d', 'Omega 60d', 'Perf 3D %', 'Perf Month %', 'Perf Quart %', 'Perf Week %', 'RSI', 'SMA20 %', 'SMA200 %', 'SMA50 %', 'Sharpe 10d', 'Sharpe 15d', 'Sharpe 30d', 'Sharpe 3d', 'Sharpe 5d', 'Sharpe 60d', 'Sortino 10d', 'Sortino 15d', 'Sortino 30d', 'Sortino 3d', 'Sortino 5d', 'Sortino 60d', 'Volatility M %', 'Volatility W %']).
2025-04-13 16:41:15,918 - INFO - Calculating composite scores for tickers.
2025-04-13 16:41:16,003 - INFO - Composite score calculation finished.
2025-04-13 16:41:16,007 - INFO - Selecting top 1169 tickers based on 'composite_score'.
2025-04-13 16:41:16,015 - INFO - Selected tickers: ['SQQQ', 'COOP', 'DG', 'VGSH', 'SHY']... (first 5 shown)
2025-04-13 16:41:16,017 - INFO - Performing hierarchical clustering into 60 clusters.
2025-04-13 16:41:16,374 - INFO - Clustering successful. Formed 60 clusters.
2025-04-13 16:41:16,378 - INFO - Assembling final output DataFrame (zscore_df).
2025-04-13 16:41:16,415 - INFO - Final output DataFrame assembled.
2025-04-13 16:41:16,419 - INFO - Analyzing clusters and calculating risk-adjusted scores.
2025-04-13 16:41:16,481 - INFO - Calculating cluster summary statistics.
2025-04-13 16:41:16,654 - INFO - Cluster analysis complete.
2025-04-13 16:41:16,658 - INFO - Writing detailed results to file: ..\picks\2025-04-07_portfolio.txt
2025-04-13 16:41:16,782 - INFO - Successfully wrote results data to ..\picks\2025-04-07_portfolio.txt
2025-04-13 16:41:16,784 - INFO - ============================== Portfolio Optimization Process Completed ==============================
