2025-04-13 16:48:11,218 - INFO - Logging configured. Output file: ..\logs\2025-04-08_optimizer.log
2025-04-13 16:48:11,220 - INFO - ============================== Starting Portfolio Optimization ==============================
2025-04-13 16:48:11,223 - INFO - Target number of tickers: 1162
2025-04-13 16:48:11,225 - INFO - Target number of clusters: 60
2025-04-13 16:48:11,227 - INFO - Detailed results will be written to: ..\picks\2025-04-08_portfolio.txt
2025-04-13 16:48:11,231 - INFO - Preparing data: Converting numeric columns.
2025-04-13 16:48:11,543 - INFO - Found valid numeric data for 'ATR/Price %'. Added to volatility metrics.
2025-04-13 16:48:11,545 - INFO - Final volatility metrics being used: ['Volatility W %', 'Volatility M %', 'ATR/Price %']
2025-04-13 16:48:11,547 - INFO - Defining scoring parameters and column groups.
2025-04-13 16:48:11,550 - INFO - Columns required for scoring: ['ATR/Price %', 'Omega 10d', 'Omega 15d', 'Omega 30d', 'Omega 3d', 'Omega 5d', 'Omega 60d', 'Perf 3D %', 'Perf Month %', 'Perf Quart %', 'Perf Week %', 'RSI', 'SMA20 %', 'SMA200 %', 'SMA50 %', 'Sharpe 10d', 'Sharpe 15d', 'Sharpe 30d', 'Sharpe 3d', 'Sharpe 5d', 'Sharpe 60d', 'Sortino 10d', 'Sortino 15d', 'Sortino 30d', 'Sortino 3d', 'Sortino 5d', 'Sortino 60d', 'Volatility M %', 'Volatility W %']
2025-04-13 16:48:11,552 - INFO - Volatility columns being used: ['Volatility W %', 'Volatility M %', 'ATR/Price %']
2025-04-13 16:48:11,573 - INFO - Data cleaning complete. Retained 1161 rows out of 1162 (removed 1 rows with NaNs in required columns: ['ATR/Price %', 'Omega 10d', 'Omega 15d', 'Omega 30d', 'Omega 3d', 'Omega 5d', 'Omega 60d', 'Perf 3D %', 'Perf Month %', 'Perf Quart %', 'Perf Week %', 'RSI', 'SMA20 %', 'SMA200 %', 'SMA50 %', 'Sharpe 10d', 'Sharpe 15d', 'Sharpe 30d', 'Sharpe 3d', 'Sharpe 5d', 'Sharpe 60d', 'Sortino 10d', 'Sortino 15d', 'Sortino 30d', 'Sortino 3d', 'Sortino 5d', 'Sortino 60d', 'Volatility M %', 'Volatility W %']).
2025-04-13 16:48:11,575 - WARNING - Only 1161 valid tickers remain after cleaning, which is less than the target num_tickers (1162). Adjusting selection to 1161.
2025-04-13 16:48:11,576 - INFO - Calculating composite scores for tickers.
2025-04-13 16:48:11,667 - INFO - Composite score calculation finished.
2025-04-13 16:48:11,671 - INFO - Selecting top 1161 tickers based on 'composite_score'.
2025-04-13 16:48:11,679 - INFO - Selected tickers: ['SQQQ', 'UNH', 'VGSH', 'HUM', 'X']... (first 5 shown)
2025-04-13 16:48:11,681 - INFO - Performing hierarchical clustering into 60 clusters.
2025-04-13 16:48:12,027 - INFO - Clustering successful. Formed 60 clusters.
2025-04-13 16:48:12,032 - INFO - Assembling final output DataFrame (zscore_df).
2025-04-13 16:48:12,069 - INFO - Final output DataFrame assembled.
2025-04-13 16:48:12,071 - INFO - Analyzing clusters and calculating risk-adjusted scores.
2025-04-13 16:48:12,136 - INFO - Calculating cluster summary statistics.
2025-04-13 16:48:12,303 - INFO - Cluster analysis complete.
2025-04-13 16:48:12,307 - INFO - Writing detailed results to file: ..\picks\2025-04-08_portfolio.txt
2025-04-13 16:48:12,444 - INFO - Successfully wrote results data to ..\picks\2025-04-08_portfolio.txt
2025-04-13 16:48:12,446 - INFO - ============================== Portfolio Optimization Process Completed ==============================
