2025-04-16 15:46:18,130 - INFO - Logging configured. Output file: ..\logs\2025-04-16_optimizer.log
2025-04-16 15:46:18,132 - INFO - ============================== Starting Portfolio Optimization ==============================
2025-04-16 15:46:18,134 - INFO - Target number of tickers: 1172
2025-04-16 15:46:18,134 - INFO - Target number of clusters: 60
2025-04-16 15:46:18,135 - INFO - Detailed results will be written to: ..\picks\2025-04-16_portfolio.txt
2025-04-16 15:46:18,137 - INFO - Preparing data: Converting numeric columns.
2025-04-16 15:46:18,409 - INFO - Found valid numeric data for 'ATR/Price %'. Added to volatility metrics.
2025-04-16 15:46:18,415 - INFO - Final volatility metrics being used: ['Volatility W %', 'Volatility M %', 'ATR/Price %']
2025-04-16 15:46:18,416 - INFO - Defining scoring parameters and column groups.
2025-04-16 15:46:18,418 - INFO - Columns required for scoring: ['ATR/Price %', 'Omega 10d', 'Omega 15d', 'Omega 30d', 'Omega 3d', 'Omega 5d', 'Omega 60d', 'Perf 3D %', 'Perf Month %', 'Perf Quart %', 'Perf Week %', 'RSI', 'SMA20 %', 'SMA200 %', 'SMA50 %', 'Sharpe 10d', 'Sharpe 15d', 'Sharpe 30d', 'Sharpe 3d', 'Sharpe 5d', 'Sharpe 60d', 'Sortino 10d', 'Sortino 15d', 'Sortino 30d', 'Sortino 3d', 'Sortino 5d', 'Sortino 60d', 'Volatility M %', 'Volatility W %']
2025-04-16 15:46:18,419 - INFO - Volatility columns being used: ['Volatility W %', 'Volatility M %', 'ATR/Price %']
2025-04-16 15:46:18,430 - INFO - Data cleaning complete. Retained 1171 rows out of 1172 (removed 1 rows with NaNs in required columns: ['ATR/Price %', 'Omega 10d', 'Omega 15d', 'Omega 30d', 'Omega 3d', 'Omega 5d', 'Omega 60d', 'Perf 3D %', 'Perf Month %', 'Perf Quart %', 'Perf Week %', 'RSI', 'SMA20 %', 'SMA200 %', 'SMA50 %', 'Sharpe 10d', 'Sharpe 15d', 'Sharpe 30d', 'Sharpe 3d', 'Sharpe 5d', 'Sharpe 60d', 'Sortino 10d', 'Sortino 15d', 'Sortino 30d', 'Sortino 3d', 'Sortino 5d', 'Sortino 60d', 'Volatility M %', 'Volatility W %']).
2025-04-16 15:46:18,431 - WARNING - Only 1171 valid tickers remain after cleaning, which is less than the target num_tickers (1172). Adjusting selection to 1171.
2025-04-16 15:46:18,433 - INFO - Calculating composite scores for tickers.
2025-04-16 15:46:18,477 - INFO - Composite score calculation finished.
2025-04-16 15:46:18,479 - INFO - Selecting top 1171 tickers based on 'composite_score'.
2025-04-16 15:46:18,483 - INFO - Selected tickers: ['HMY', 'AU', 'HRB', 'KGC', 'AGI']... (first 5 shown)
2025-04-16 15:46:18,485 - INFO - Performing hierarchical clustering into 60 clusters.
2025-04-16 15:46:18,645 - INFO - Clustering successful. Formed 60 clusters.
2025-04-16 15:46:18,647 - INFO - Assembling final output DataFrame (zscore_df).
2025-04-16 15:46:18,665 - INFO - Final output DataFrame assembled.
2025-04-16 15:46:18,667 - INFO - Analyzing clusters and calculating risk-adjusted scores.
2025-04-16 15:46:18,703 - INFO - Calculating cluster summary statistics.
2025-04-16 15:46:18,840 - INFO - Cluster analysis complete.
2025-04-16 15:46:18,844 - INFO - Writing detailed results to file: ..\picks\2025-04-16_portfolio.txt
2025-04-16 15:46:18,930 - INFO - Successfully wrote results data to ..\picks\2025-04-16_portfolio.txt
2025-04-16 15:46:18,932 - INFO - ============================== Portfolio Optimization Process Completed ==============================
