2025-04-21 17:02:17,986 - INFO - Logging configured. Output file: ..\logs\2025-04-21_optimizer.log
2025-04-21 17:02:17,988 - INFO - ============================== Starting Portfolio Optimization ==============================
2025-04-21 17:02:17,989 - INFO - Target number of tickers: 1144
2025-04-21 17:02:17,990 - INFO - Target number of clusters: 60
2025-04-21 17:02:17,991 - INFO - Detailed results will be written to: ..\picks\2025-04-21_portfolio.txt
2025-04-21 17:02:17,992 - INFO - Preparing data: Converting numeric columns.
2025-04-21 17:02:18,134 - INFO - Found valid numeric data for 'ATR/Price %'. Added to volatility metrics.
2025-04-21 17:02:18,135 - INFO - Final volatility metrics being used: ['Volatility W %', 'Volatility M %', 'ATR/Price %']
2025-04-21 17:02:18,136 - INFO - Defining scoring parameters and column groups.
2025-04-21 17:02:18,137 - INFO - Columns required for scoring: ['ATR/Price %', 'Omega 10d', 'Omega 15d', 'Omega 30d', 'Omega 3d', 'Omega 5d', 'Omega 60d', 'Perf 3D %', 'Perf Month %', 'Perf Quart %', 'Perf Week %', 'RSI', 'SMA20 %', 'SMA200 %', 'SMA50 %', 'Sharpe 10d', 'Sharpe 15d', 'Sharpe 30d', 'Sharpe 3d', 'Sharpe 5d', 'Sharpe 60d', 'Sortino 10d', 'Sortino 15d', 'Sortino 30d', 'Sortino 3d', 'Sortino 5d', 'Sortino 60d', 'Volatility M %', 'Volatility W %']
2025-04-21 17:02:18,138 - INFO - Volatility columns being used: ['Volatility W %', 'Volatility M %', 'ATR/Price %']
2025-04-21 17:02:18,150 - INFO - Data cleaning complete. Retained 1143 rows out of 1144 (removed 1 rows with NaNs in required columns: ['ATR/Price %', 'Omega 10d', 'Omega 15d', 'Omega 30d', 'Omega 3d', 'Omega 5d', 'Omega 60d', 'Perf 3D %', 'Perf Month %', 'Perf Quart %', 'Perf Week %', 'RSI', 'SMA20 %', 'SMA200 %', 'SMA50 %', 'Sharpe 10d', 'Sharpe 15d', 'Sharpe 30d', 'Sharpe 3d', 'Sharpe 5d', 'Sharpe 60d', 'Sortino 10d', 'Sortino 15d', 'Sortino 30d', 'Sortino 3d', 'Sortino 5d', 'Sortino 60d', 'Volatility M %', 'Volatility W %']).
2025-04-21 17:02:18,152 - WARNING - Only 1143 valid tickers remain after cleaning, which is less than the target num_tickers (1144). Adjusting selection to 1143.
2025-04-21 17:02:18,152 - INFO - Calculating composite scores for tickers.
2025-04-21 17:02:18,204 - INFO - Composite score calculation finished.
2025-04-21 17:02:18,206 - INFO - Selecting top 1143 tickers based on 'composite_score'.
2025-04-21 17:02:18,211 - INFO - Selected tickers: ['NGG', 'HDB', 'IBN', 'SGOL', 'GLD']... (first 5 shown)
2025-04-21 17:02:18,213 - INFO - Performing hierarchical clustering into 60 clusters.
2025-04-21 17:02:18,385 - INFO - Clustering successful. Formed 60 clusters.
2025-04-21 17:02:18,388 - INFO - Assembling final output DataFrame (zscore_df).
2025-04-21 17:02:18,411 - INFO - Final output DataFrame assembled.
2025-04-21 17:02:18,412 - INFO - Analyzing clusters and calculating risk-adjusted scores.
2025-04-21 17:02:18,459 - INFO - Calculating cluster summary statistics.
2025-04-21 17:02:18,539 - INFO - Cluster analysis complete.
2025-04-21 17:02:18,542 - INFO - Writing detailed results to file: ..\picks\2025-04-21_portfolio.txt
2025-04-21 17:02:18,611 - INFO - Successfully wrote results data to ..\picks\2025-04-21_portfolio.txt
2025-04-21 17:02:18,613 - INFO - ============================== Portfolio Optimization Process Completed ==============================
