2025-04-13 16:57:07,047 - INFO - Logging configured. Output file: ..\logs\2025-04-09_optimizer.log
2025-04-13 16:57:07,049 - INFO - ============================== Starting Portfolio Optimization ==============================
2025-04-13 16:57:07,053 - INFO - Target number of tickers: 1180
2025-04-13 16:57:07,055 - INFO - Target number of clusters: 60
2025-04-13 16:57:07,057 - INFO - Detailed results will be written to: ..\picks\2025-04-09_portfolio.txt
2025-04-13 16:57:07,059 - INFO - Preparing data: Converting numeric columns.
2025-04-13 16:57:07,360 - INFO - Found valid numeric data for 'ATR/Price %'. Added to volatility metrics.
2025-04-13 16:57:07,362 - INFO - Final volatility metrics being used: ['Volatility W %', 'Volatility M %', 'ATR/Price %']
2025-04-13 16:57:07,364 - INFO - Defining scoring parameters and column groups.
2025-04-13 16:57:07,366 - INFO - Columns required for scoring: ['ATR/Price %', 'Omega 10d', 'Omega 15d', 'Omega 30d', 'Omega 3d', 'Omega 5d', 'Omega 60d', 'Perf 3D %', 'Perf Month %', 'Perf Quart %', 'Perf Week %', 'RSI', 'SMA20 %', 'SMA200 %', 'SMA50 %', 'Sharpe 10d', 'Sharpe 15d', 'Sharpe 30d', 'Sharpe 3d', 'Sharpe 5d', 'Sharpe 60d', 'Sortino 10d', 'Sortino 15d', 'Sortino 30d', 'Sortino 3d', 'Sortino 5d', 'Sortino 60d', 'Volatility M %', 'Volatility W %']
2025-04-13 16:57:07,369 - INFO - Volatility columns being used: ['Volatility W %', 'Volatility M %', 'ATR/Price %']
2025-04-13 16:57:07,395 - INFO - Data cleaning complete. Retained 1180 rows out of 1180 (removed 0 rows with NaNs in required columns: ['ATR/Price %', 'Omega 10d', 'Omega 15d', 'Omega 30d', 'Omega 3d', 'Omega 5d', 'Omega 60d', 'Perf 3D %', 'Perf Month %', 'Perf Quart %', 'Perf Week %', 'RSI', 'SMA20 %', 'SMA200 %', 'SMA50 %', 'Sharpe 10d', 'Sharpe 15d', 'Sharpe 30d', 'Sharpe 3d', 'Sharpe 5d', 'Sharpe 60d', 'Sortino 10d', 'Sortino 15d', 'Sortino 30d', 'Sortino 3d', 'Sortino 5d', 'Sortino 60d', 'Volatility M %', 'Volatility W %']).
2025-04-13 16:57:07,398 - INFO - Calculating composite scores for tickers.
2025-04-13 16:57:07,487 - INFO - Composite score calculation finished.
2025-04-13 16:57:07,490 - INFO - Selecting top 1180 tickers based on 'composite_score'.
2025-04-13 16:57:07,503 - INFO - Selected tickers: ['UNH', 'HMY', 'X', 'CELH', 'CVS']... (first 5 shown)
2025-04-13 16:57:07,504 - INFO - Performing hierarchical clustering into 60 clusters.
2025-04-13 16:57:07,858 - INFO - Clustering successful. Formed 60 clusters.
2025-04-13 16:57:07,862 - INFO - Assembling final output DataFrame (zscore_df).
2025-04-13 16:57:07,898 - INFO - Final output DataFrame assembled.
2025-04-13 16:57:07,901 - INFO - Analyzing clusters and calculating risk-adjusted scores.
2025-04-13 16:57:07,957 - INFO - Calculating cluster summary statistics.
2025-04-13 16:57:08,120 - INFO - Cluster analysis complete.
2025-04-13 16:57:08,125 - INFO - Writing detailed results to file: ..\picks\2025-04-09_portfolio.txt
2025-04-13 16:57:08,253 - INFO - Successfully wrote results data to ..\picks\2025-04-09_portfolio.txt
2025-04-13 16:57:08,255 - INFO - ============================== Portfolio Optimization Process Completed ==============================
