2025-04-13 15:58:00,929 - INFO - Logging configured. Output file: ..\logs\2025-04-01_optimizer.log
2025-04-13 15:58:00,932 - INFO - ============================== Starting Portfolio Optimization ==============================
2025-04-13 15:58:00,934 - INFO - Target number of tickers: 1164
2025-04-13 15:58:00,936 - INFO - Target number of clusters: 60
2025-04-13 15:58:00,939 - INFO - Detailed results will be written to: ..\picks\2025-04-01_portfolio.txt
2025-04-13 15:58:00,942 - INFO - Preparing data: Converting numeric columns.
2025-04-13 15:58:01,229 - INFO - Found valid numeric data for 'ATR/Price %'. Added to volatility metrics.
2025-04-13 15:58:01,236 - INFO - Final volatility metrics being used: ['Volatility W %', 'Volatility M %', 'ATR/Price %']
2025-04-13 15:58:01,238 - INFO - Defining scoring parameters and column groups.
2025-04-13 15:58:01,242 - INFO - Columns required for scoring: ['ATR/Price %', 'Omega 10d', 'Omega 15d', 'Omega 30d', 'Omega 3d', 'Omega 5d', 'Omega 60d', 'Perf 3D %', 'Perf Month %', 'Perf Quart %', 'Perf Week %', 'RSI', 'SMA20 %', 'SMA200 %', 'SMA50 %', 'Sharpe 10d', 'Sharpe 15d', 'Sharpe 30d', 'Sharpe 3d', 'Sharpe 5d', 'Sharpe 60d', 'Sortino 10d', 'Sortino 15d', 'Sortino 30d', 'Sortino 3d', 'Sortino 5d', 'Sortino 60d', 'Volatility M %', 'Volatility W %']
2025-04-13 15:58:01,244 - INFO - Volatility columns being used: ['Volatility W %', 'Volatility M %', 'ATR/Price %']
2025-04-13 15:58:01,266 - INFO - Data cleaning complete. Retained 1164 rows out of 1164 (removed 0 rows with NaNs in required columns: ['ATR/Price %', 'Omega 10d', 'Omega 15d', 'Omega 30d', 'Omega 3d', 'Omega 5d', 'Omega 60d', 'Perf 3D %', 'Perf Month %', 'Perf Quart %', 'Perf Week %', 'RSI', 'SMA20 %', 'SMA200 %', 'SMA50 %', 'Sharpe 10d', 'Sharpe 15d', 'Sharpe 30d', 'Sharpe 3d', 'Sharpe 5d', 'Sharpe 60d', 'Sortino 10d', 'Sortino 15d', 'Sortino 30d', 'Sortino 3d', 'Sortino 5d', 'Sortino 60d', 'Volatility M %', 'Volatility W %']).
2025-04-13 15:58:01,268 - INFO - Calculating composite scores for tickers.
2025-04-13 15:58:01,357 - INFO - Composite score calculation finished.
2025-04-13 15:58:01,361 - INFO - Selecting top 1164 tickers based on 'composite_score'.
2025-04-13 15:58:01,370 - INFO - Selected tickers: ['CORT', 'HMY', 'FTI', 'BRBR', 'GFI']... (first 5 shown)
2025-04-13 15:58:01,373 - INFO - Performing hierarchical clustering into 60 clusters.
2025-04-13 15:58:01,730 - INFO - Clustering successful. Formed 60 clusters.
2025-04-13 15:58:01,735 - INFO - Assembling final output DataFrame (zscore_df).
2025-04-13 15:58:01,771 - INFO - Final output DataFrame assembled.
2025-04-13 15:58:01,775 - INFO - Analyzing clusters and calculating risk-adjusted scores.
2025-04-13 15:58:01,845 - INFO - Calculating cluster summary statistics.
2025-04-13 15:58:02,017 - INFO - Cluster analysis complete.
2025-04-13 15:58:02,021 - INFO - Writing detailed results to file: ..\picks\2025-04-01_portfolio.txt
2025-04-13 15:58:02,160 - INFO - Successfully wrote results data to ..\picks\2025-04-01_portfolio.txt
2025-04-13 15:58:02,162 - INFO - ============================== Portfolio Optimization Process Completed ==============================
