2025-06-24 19:26:59,053 - INFO - Logging configured. Output file: ..\logs\2025-04-23_optimizer.log
2025-06-24 19:26:59,053 - INFO - ============================== Starting Portfolio Optimization ==============================
2025-06-24 19:26:59,072 - INFO - Target number of tickers: 1202
2025-06-24 19:26:59,075 - INFO - Target number of clusters: 60
2025-06-24 19:26:59,078 - INFO - Detailed results will be written to: ..\picks\2025-04-23_portfolio.txt
2025-06-24 19:26:59,081 - INFO - Preparing data: Converting numeric columns.
2025-06-24 19:26:59,588 - INFO - Found valid numeric data for 'ATR/Price %'. Added to volatility metrics.
2025-06-24 19:26:59,592 - INFO - Final volatility metrics being used: ['Volatility W %', 'Volatility M %', 'ATR/Price %']
2025-06-24 19:26:59,594 - INFO - Defining scoring parameters and column groups.
2025-06-24 19:26:59,596 - INFO - Columns required for scoring: ['ATR/Price %', 'Omega 10d', 'Omega 15d', 'Omega 30d', 'Omega 3d', 'Omega 5d', 'Omega 60d', 'Perf 3D %', 'Perf Month %', 'Perf Quart %', 'Perf Week %', 'RSI', 'SMA20 %', 'SMA200 %', 'SMA50 %', 'Sharpe 10d', 'Sharpe 15d', 'Sharpe 30d', 'Sharpe 3d', 'Sharpe 5d', 'Sharpe 60d', 'Sortino 10d', 'Sortino 15d', 'Sortino 30d', 'Sortino 3d', 'Sortino 5d', 'Sortino 60d', 'Volatility M %', 'Volatility W %']
2025-06-24 19:26:59,609 - INFO - Volatility columns being used: ['Volatility W %', 'Volatility M %', 'ATR/Price %']
2025-06-24 19:26:59,656 - INFO - Data cleaning complete. Retained 1202 rows out of 1202 (removed 0 rows with NaNs in required columns: ['ATR/Price %', 'Omega 10d', 'Omega 15d', 'Omega 30d', 'Omega 3d', 'Omega 5d', 'Omega 60d', 'Perf 3D %', 'Perf Month %', 'Perf Quart %', 'Perf Week %', 'RSI', 'SMA20 %', 'SMA200 %', 'SMA50 %', 'Sharpe 10d', 'Sharpe 15d', 'Sharpe 30d', 'Sharpe 3d', 'Sharpe 5d', 'Sharpe 60d', 'Sortino 10d', 'Sortino 15d', 'Sortino 30d', 'Sortino 3d', 'Sortino 5d', 'Sortino 60d', 'Volatility M %', 'Volatility W %']).
2025-06-24 19:26:59,659 - INFO - Calculating composite scores for tickers.
2025-06-24 19:26:59,750 - INFO - Composite score calculation finished.
2025-06-24 19:26:59,754 - INFO - Selecting top 1202 tickers based on 'composite_score'.
2025-06-24 19:26:59,757 - INFO - Selected tickers: ['SMMT', 'AMX', 'DJT', 'PEGA', 'BNTX']... (first 5 shown)
2025-06-24 19:26:59,757 - INFO - Performing hierarchical clustering into 60 clusters.
2025-06-24 19:27:00,119 - INFO - Clustering successful. Formed 60 clusters.
2025-06-24 19:27:00,128 - INFO - Assembling final output DataFrame (zscore_df).
2025-06-24 19:27:00,208 - INFO - Final output DataFrame assembled.
2025-06-24 19:27:00,211 - INFO - Analyzing clusters and calculating risk-adjusted scores.
2025-06-24 19:27:00,323 - INFO - Calculating cluster summary statistics.
2025-06-24 19:27:00,579 - INFO - Cluster analysis complete.
2025-06-24 19:27:00,582 - INFO - Writing detailed results to file: ..\picks\2025-04-23_portfolio.txt
2025-06-24 19:27:00,765 - INFO - Successfully wrote results data to ..\picks\2025-04-23_portfolio.txt
2025-06-24 19:27:00,768 - INFO - ============================== Portfolio Optimization Process Completed ==============================
