2025-04-22 16:30:06,606 - INFO - Logging configured. Output file: ..\logs\2025-04-22_optimizer.log
2025-04-22 16:30:06,608 - INFO - ============================== Starting Portfolio Optimization ==============================
2025-04-22 16:30:06,611 - INFO - Target number of tickers: 1178
2025-04-22 16:30:06,613 - INFO - Target number of clusters: 60
2025-04-22 16:30:06,615 - INFO - Detailed results will be written to: ..\picks\2025-04-22_portfolio.txt
2025-04-22 16:30:06,618 - INFO - Preparing data: Converting numeric columns.
2025-04-22 16:30:06,918 - INFO - Found valid numeric data for 'ATR/Price %'. Added to volatility metrics.
2025-04-22 16:30:06,920 - INFO - Final volatility metrics being used: ['Volatility W %', 'Volatility M %', 'ATR/Price %']
2025-04-22 16:30:06,923 - INFO - Defining scoring parameters and column groups.
2025-04-22 16:30:06,926 - INFO - Columns required for scoring: ['ATR/Price %', 'Omega 10d', 'Omega 15d', 'Omega 30d', 'Omega 3d', 'Omega 5d', 'Omega 60d', 'Perf 3D %', 'Perf Month %', 'Perf Quart %', 'Perf Week %', 'RSI', 'SMA20 %', 'SMA200 %', 'SMA50 %', 'Sharpe 10d', 'Sharpe 15d', 'Sharpe 30d', 'Sharpe 3d', 'Sharpe 5d', 'Sharpe 60d', 'Sortino 10d', 'Sortino 15d', 'Sortino 30d', 'Sortino 3d', 'Sortino 5d', 'Sortino 60d', 'Volatility M %', 'Volatility W %']
2025-04-22 16:30:06,927 - INFO - Volatility columns being used: ['Volatility W %', 'Volatility M %', 'ATR/Price %']
2025-04-22 16:30:06,948 - INFO - Data cleaning complete. Retained 1178 rows out of 1178 (removed 0 rows with NaNs in required columns: ['ATR/Price %', 'Omega 10d', 'Omega 15d', 'Omega 30d', 'Omega 3d', 'Omega 5d', 'Omega 60d', 'Perf 3D %', 'Perf Month %', 'Perf Quart %', 'Perf Week %', 'RSI', 'SMA20 %', 'SMA200 %', 'SMA50 %', 'Sharpe 10d', 'Sharpe 15d', 'Sharpe 30d', 'Sharpe 3d', 'Sharpe 5d', 'Sharpe 60d', 'Sortino 10d', 'Sortino 15d', 'Sortino 30d', 'Sortino 3d', 'Sortino 5d', 'Sortino 60d', 'Volatility M %', 'Volatility W %']).
2025-04-22 16:30:06,950 - INFO - Calculating composite scores for tickers.
2025-04-22 16:30:07,061 - INFO - Composite score calculation finished.
2025-04-22 16:30:07,066 - INFO - Selecting top 1178 tickers based on 'composite_score'.
2025-04-22 16:30:07,079 - INFO - Selected tickers: ['NGG', 'HDB', 'AMX', 'IBN', 'DG']... (first 5 shown)
2025-04-22 16:30:07,081 - INFO - Performing hierarchical clustering into 60 clusters.
2025-04-22 16:30:07,613 - INFO - Clustering successful. Formed 60 clusters.
2025-04-22 16:30:07,618 - INFO - Assembling final output DataFrame (zscore_df).
2025-04-22 16:30:07,647 - INFO - Final output DataFrame assembled.
2025-04-22 16:30:07,649 - INFO - Analyzing clusters and calculating risk-adjusted scores.
2025-04-22 16:30:07,715 - INFO - Calculating cluster summary statistics.
2025-04-22 16:30:07,863 - INFO - Cluster analysis complete.
2025-04-22 16:30:07,867 - INFO - Writing detailed results to file: ..\picks\2025-04-22_portfolio.txt
2025-04-22 16:30:07,986 - INFO - Successfully wrote results data to ..\picks\2025-04-22_portfolio.txt
2025-04-22 16:30:07,988 - INFO - ============================== Portfolio Optimization Process Completed ==============================
