2025-04-14 19:38:20,842 - INFO - Logging configured. Output file: ..\logs\2025-04-14_optimizer.log
2025-04-14 19:38:20,844 - INFO - ============================== Starting Portfolio Optimization ==============================
2025-04-14 19:38:20,845 - INFO - Target number of tickers: 1189
2025-04-14 19:38:20,847 - INFO - Target number of clusters: 60
2025-04-14 19:38:20,849 - INFO - Detailed results will be written to: ..\picks\2025-04-14_portfolio.txt
2025-04-14 19:38:20,853 - INFO - Preparing data: Converting numeric columns.
2025-04-14 19:38:21,144 - INFO - Found valid numeric data for 'ATR/Price %'. Added to volatility metrics.
2025-04-14 19:38:21,151 - INFO - Final volatility metrics being used: ['Volatility W %', 'Volatility M %', 'ATR/Price %']
2025-04-14 19:38:21,154 - INFO - Defining scoring parameters and column groups.
2025-04-14 19:38:21,156 - INFO - Columns required for scoring: ['ATR/Price %', 'Omega 10d', 'Omega 15d', 'Omega 30d', 'Omega 3d', 'Omega 5d', 'Omega 60d', 'Perf 3D %', 'Perf Month %', 'Perf Quart %', 'Perf Week %', 'RSI', 'SMA20 %', 'SMA200 %', 'SMA50 %', 'Sharpe 10d', 'Sharpe 15d', 'Sharpe 30d', 'Sharpe 3d', 'Sharpe 5d', 'Sharpe 60d', 'Sortino 10d', 'Sortino 15d', 'Sortino 30d', 'Sortino 3d', 'Sortino 5d', 'Sortino 60d', 'Volatility M %', 'Volatility W %']
2025-04-14 19:38:21,158 - INFO - Volatility columns being used: ['Volatility W %', 'Volatility M %', 'ATR/Price %']
2025-04-14 19:38:21,179 - INFO - Data cleaning complete. Retained 1189 rows out of 1189 (removed 0 rows with NaNs in required columns: ['ATR/Price %', 'Omega 10d', 'Omega 15d', 'Omega 30d', 'Omega 3d', 'Omega 5d', 'Omega 60d', 'Perf 3D %', 'Perf Month %', 'Perf Quart %', 'Perf Week %', 'RSI', 'SMA20 %', 'SMA200 %', 'SMA50 %', 'Sharpe 10d', 'Sharpe 15d', 'Sharpe 30d', 'Sharpe 3d', 'Sharpe 5d', 'Sharpe 60d', 'Sortino 10d', 'Sortino 15d', 'Sortino 30d', 'Sortino 3d', 'Sortino 5d', 'Sortino 60d', 'Volatility M %', 'Volatility W %']).
2025-04-14 19:38:21,181 - INFO - Calculating composite scores for tickers.
2025-04-14 19:38:21,273 - INFO - Composite score calculation finished.
2025-04-14 19:38:21,276 - INFO - Selecting top 1189 tickers based on 'composite_score'.
2025-04-14 19:38:21,286 - INFO - Selected tickers: ['SMMT', 'HMY', 'KGC', 'AU', 'AGI']... (first 5 shown)
2025-04-14 19:38:21,289 - INFO - Performing hierarchical clustering into 60 clusters.
2025-04-14 19:38:21,616 - INFO - Clustering successful. Formed 60 clusters.
2025-04-14 19:38:21,620 - INFO - Assembling final output DataFrame (zscore_df).
2025-04-14 19:38:21,655 - INFO - Final output DataFrame assembled.
2025-04-14 19:38:21,657 - INFO - Analyzing clusters and calculating risk-adjusted scores.
2025-04-14 19:38:21,721 - INFO - Calculating cluster summary statistics.
2025-04-14 19:38:21,890 - INFO - Cluster analysis complete.
2025-04-14 19:38:21,893 - INFO - Writing detailed results to file: ..\picks\2025-04-14_portfolio.txt
2025-04-14 19:38:22,030 - INFO - Successfully wrote results data to ..\picks\2025-04-14_portfolio.txt
2025-04-14 19:38:22,033 - INFO - ============================== Portfolio Optimization Process Completed ==============================
